<?xml version="1.0" encoding="UTF-8"?>
<!-- Generated by org.testng.reporters.JUnitXMLReporter -->
<testsuite ignored="0" hostname="LAPTOP-5V942OGD" failures="0" tests="1" name="Test" time="0.061" errors="0" timestamp="2024-02-10T06:17:54 IST">
  <testcase classname="testBase.BaseClass" name="@BeforeClass setup" time="-1.707526074695E9">
    <failure type="org.testng.TestNGException" message="
Parameter &amp;apos;browser&amp;apos; is required by BeforeClass on method setup but has not been marked @Optional or defined
in C:\Users\91630\eclipse-workspace\MyOwnProject\master.xml">
      <![CDATA[org.testng.TestNGException: 
Parameter 'browser' is required by BeforeClass on method setup but has not been marked @Optional or defined
in C:\Users\91630\eclipse-workspace\MyOwnProject\master.xml
at java.base/java.util.ArrayList.forEach(ArrayList.java:1511)
... Removed 22 stack frames]]>
    </failure>
  </testcase> <!-- @BeforeClass setup -->
  <testcase classname="testBase.BaseClass" name="@AfterClass teardown" time="0.0">
    <skipped/>
  </testcase> <!-- @AfterClass teardown -->
  <testcase classname="testCases.TC_001_AccountRegestration" name="test_Account_Registration" time="0.0">
    <skipped/>
  </testcase> <!-- test_Account_Registration -->
</testsuite> <!-- Test -->
